<?xml version="1.0" encoding="UTF-8"?>
<!-- Generated by org.testng.reporters.JUnitXMLReporter -->
<testsuite ignored="1" hostname="sub" failures="0" tests="7" name="Test" time="0.124" errors="0" timestamp="2023-08-08T12:24:05 IST">
  <testcase classname="Task.Assignment" name="@BeforeClass BrowserInit" time="-1.691477645477E9">
    <failure type="org.testng.TestNGException" message="
Parameter &amp;apos;Browser&amp;apos; is required by BeforeClass on method BrowserInit but has not been marked @Optional or defined
in C:\Users\Saurabh\git\repository3\TASk\testng.xml">
      <![CDATA[org.testng.TestNGException: 
Parameter 'Browser' is required by BeforeClass on method BrowserInit but has not been marked @Optional or defined
in C:\Users\Saurabh\git\repository3\TASk\testng.xml
at java.base/java.util.ArrayList.forEach(ArrayList.java:1511)
... Removed 22 stack frames]]>
    </failure>
  </testcase> <!-- @BeforeClass BrowserInit -->
  <testcase classname="Task.Assignment" name="VerifyURl" time="0.0">
    <skipped/>
  </testcase> <!-- VerifyURl -->
  <testcase classname="Task.Assignment" name="CheckCredencials" time="0.0">
    <skipped/>
  </testcase> <!-- CheckCredencials -->
  <testcase classname="Task.Assignment" name="Verify" time="0.0">
    <skipped/>
  </testcase> <!-- Verify -->
  <testcase classname="Task.Assignment" name="CheckArrow" time="0.001">
    <skipped/>
  </testcase> <!-- CheckArrow -->
  <testcase classname="Task.Assignment" name="VerifyTransformer" time="0.001">
    <skipped/>
  </testcase> <!-- VerifyTransformer -->
  <testcase classname="Task.Assignment" name="VerifyIcon" time="0.0">
    <skipped/>
  </testcase> <!-- VerifyIcon -->
  <testcase classname="Task.Assignment" name="VerifyEnergy" time="0.0">
    <skipped/>
  </testcase> <!-- VerifyEnergy -->
  <testcase classname="Task.Assignment" name="CheckMetser" time="0.0">
    <ignored/>
  </testcase> <!-- CheckMetser -->
</testsuite> <!-- Test -->
